Candidates 4 ['edge-linreg.csv', 'fog-linreg.csv', 'cloud1-linreg.csv', 'cloud2-linreg.csv']
Configuration space 160000
Configurations {'edge': {2: 30.47, 4: 24.865, 6: 27.481666666666666, 8: 25.55875, 10: 27.138, 12: 41.78, 14: 34.57285714285714, 16: 26.345}, 'fog': {2: 7.92, 4: 7.2375, 6: 7.06, 8: 7.03625, 10: 7.058, 12: 7.0325, 14: 7.1085714285714285, 16: 7.24375, 18: 7.410555555555555, 20: 7.8045}, 'cloud1': {2: 13.575, 4: 9.105, 6: 6.223333333333334, 8: 6.3575, 10: 5.474, 12: 5.371666666666666, 14: 4.937857142857141, 16: 3.694375, 18: 3.3816666666666664, 20: 2.9930000000000003}, 'cloud2': {2: 8.245, 4: 5.13, 6: 4.165, 8: 2.9775, 10: 3.01, 12: 2.7725000000000004, 14: 2.785, 16: 2.53375, 18: 2.3805555555555555, 20: 2.3865}} ['edge', 'fog', 'cloud1', 'cloud2']
Length at 0 = 400
Length at 1 = 8000
Length at 2 = 160000
Groups 77
→ 0 combinations 1 measured 1 = 100 %
→ 1 combinations 4 measured 0 = 0 %
→ 2 combinations 10 measured 4 = 40 %
→ 3 combinations 20 measured 0 = 0 %
→ 4 combinations 35 measured 10 = 29 %
→ 5 combinations 56 measured 0 = 0 %
→ 6 combinations 84 measured 20 = 24 %
→ 7 combinations 120 measured 0 = 0 %
→ 8 combinations 165 measured 35 = 21 %
→ 9 combinations 220 measured 0 = 0 %
→ 10 combinations 286 measured 56 = 20 %
→ 11 combinations 364 measured 0 = 0 %
→ 12 combinations 455 measured 84 = 18 %
→ 13 combinations 560 measured 0 = 0 %
→ 14 combinations 680 measured 120 = 18 %
→ 15 combinations 816 measured 0 = 0 %
→ 16 combinations 969 measured 165 = 17 %
→ 17 combinations 1140 measured 0 = 0 %
→ 18 combinations 1330 measured 219 = 16 %
→ 19 combinations 1540 measured 0 = 0 %
→ 20 combinations 1767 measured 279 = 16 %
→ 21 combinations 2008 measured 0 = 0 %
→ 22 combinations 2260 measured 342 = 15 %
→ 23 combinations 2520 measured 0 = 0 %
→ 24 combinations 2785 measured 405 = 15 %
→ 25 combinations 3052 measured 0 = 0 %
→ 26 combinations 3318 measured 465 = 14 %
→ 27 combinations 3580 measured 0 = 0 %
→ 28 combinations 3835 measured 519 = 14 %
→ 29 combinations 4080 measured 0 = 0 %
→ 30 combinations 4312 measured 564 = 13 %
→ 31 combinations 4528 measured 0 = 0 %
→ 32 combinations 4725 measured 597 = 13 %
→ 33 combinations 4900 measured 0 = 0 %
→ 34 combinations 5050 measured 615 = 12 %
→ 35 combinations 5172 measured 0 = 0 %
→ 36 combinations 5263 measured 615 = 12 %
→ 37 combinations 5320 measured 0 = 0 %
→ 38 combinations 5340 measured 597 = 11 %
→ 39 combinations 5320 measured 0 = 0 %
→ 40 combinations 5263 measured 564 = 11 %
→ 41 combinations 5172 measured 0 = 0 %
→ 42 combinations 5050 measured 519 = 10 %
→ 43 combinations 4900 measured 0 = 0 %
→ 44 combinations 4725 measured 465 = 10 %
→ 45 combinations 4528 measured 0 = 0 %
→ 46 combinations 4312 measured 405 = 9 %
→ 47 combinations 4080 measured 0 = 0 %
→ 48 combinations 3835 measured 342 = 9 %
→ 49 combinations 3580 measured 0 = 0 %
→ 50 combinations 3318 measured 279 = 8 %
→ 51 combinations 3052 measured 0 = 0 %
→ 52 combinations 2785 measured 219 = 8 %
→ 53 combinations 2520 measured 0 = 0 %
→ 54 combinations 2260 measured 165 = 7 %
→ 55 combinations 2008 measured 0 = 0 %
→ 56 combinations 1767 measured 120 = 7 %
→ 57 combinations 1540 measured 0 = 0 %
→ 58 combinations 1330 measured 84 = 6 %
→ 59 combinations 1140 measured 0 = 0 %
→ 60 combinations 969 measured 56 = 6 %
→ 61 combinations 816 measured 0 = 0 %
→ 62 combinations 680 measured 35 = 5 %
→ 63 combinations 560 measured 0 = 0 %
→ 64 combinations 455 measured 20 = 4 %
→ 65 combinations 364 measured 0 = 0 %
→ 66 combinations 286 measured 10 = 3 %
→ 67 combinations 220 measured 0 = 0 %
→ 68 combinations 165 measured 4 = 2 %
→ 69 combinations 120 measured 0 = 0 %
→ 70 combinations 84 measured 1 = 1 %
→ 71 combinations 56 measured 0 = 0 %
→ 72 combinations 35 measured 0 = 0 %
→ 73 combinations 20 measured 0 = 0 %
→ 74 combinations 10 measured 0 = 0 %
→ 75 combinations 4 measured 0 = 0 %
→ 76 combinations 1 measured 0 = 0 %
→→ total combinations 160000 measured 9000 = 6 %
→→ total best next lookups 17994
0 : [0, 0, 0, 0] => -1
2 : [0, 2, 0, 0] => 7.92
4 : [0, 0, 0, 4] => 5.13
6 : [0, 0, 0, 6] => 4.165
8 : [0, 0, 0, 8] => 2.9775
10 : [0, 0, 0, 10] => 3.01
12 : [0, 0, 0, 12] => 2.7725000000000004
14 : [0, 0, 0, 14] => 2.785
16 : [0, 0, 0, 16] => 2.53375
18 : [0, 0, 0, 18] => 2.3805555555555555
20 : [0, 0, 14, 6] => 4.937857142857141
22 : [0, 0, 16, 6] => 4.165
24 : [0, 0, 16, 8] => 3.694375
26 : [0, 0, 18, 8] => 3.3816666666666664
28 : [0, 0, 18, 10] => 3.3816666666666664
30 : [0, 0, 18, 12] => 3.3816666666666664
32 : [0, 0, 18, 14] => 3.3816666666666664
34 : [0, 0, 18, 16] => 3.3816666666666664
36 : [0, 0, 18, 18] => 3.3816666666666664
38 : [0, 12, 8, 18] => 7.0325
40 : [0, 12, 10, 18] => 7.0325
42 : [0, 12, 12, 18] => 7.0325
44 : [0, 12, 14, 18] => 7.0325
46 : [0, 12, 16, 18] => 7.0325
48 : [0, 12, 18, 18] => 7.0325
50 : [0, 14, 18, 18] => 7.1085714285714285
52 : [0, 16, 18, 18] => 7.24375
54 : [0, 18, 18, 18] => 7.410555555555555
56 : [4, 16, 18, 18] => 24.865
58 : [4, 18, 18, 18] => 24.865
60 : [8, 16, 18, 18] => 25.55875
62 : [8, 18, 18, 18] => 25.55875
64 : [16, 12, 18, 18] => 26.345
66 : [16, 14, 18, 18] => 26.345
68 : [16, 16, 18, 18] => 26.345
70 : [16, 18, 18, 18] => 26.345
Files 'minimiser-linreg.json' and 'minimiser-linreg-nextlookup.json' written.
